🔍 بررسی پرچم‌های وقفه...
🔍 بررسی پرچم وقفه...
🔍 بررسی golden_status.json (برای ادامه از آخرین نقطه توقف)...
   ℹ️ golden_status.json یافت نشد. اجرای golden از ابتدا آغاز می‌شود.
📊 تعداد استراتژی‌های یکپارچه‌شده قبل از اجرای golden: 1
🔄 فراخوانی analysis.yml برای golden...
https://github.com/Amir9287171/test-repository/actions/runs/27870463345
✅ فراخوانی golden موفق بود (تلاش 1).
📊 تعداد استراتژی‌ها: قبل=1 بعد=1
ℹ️ استراتژی جدیدی یکپارچه نشده. ادامه به‌ترتیب اولویت.
🔁 فراخوانی مجدد loop_analysis.yml...
https://github.com/Amir9287171/test-repository/actions/runs/27870463739
🔍 بررسی پرچم وقفه...
🔍 بررسی portfolios_status.json (برای ادامه از آخرین نقطه توقف)...
   ℹ️ portfolios_status.json یافت نشد. اجرای portfolios از ابتدا آغاز می‌شود.
📊 تعداد استراتژی‌های یکپارچه‌شده قبل از اجرای portfolios: 1
🔄 فراخوانی analysis.yml برای portfolios...
https://github.com/Amir9287171/test-repository/actions/runs/27870469074
✅ فراخوانی portfolios موفق بود (تلاش 1).
📊 تعداد استراتژی‌ها: قبل=1 بعد=1
ℹ️ استراتژی جدیدی یکپارچه نشده. ادامه به‌ترتیب اولویت.
🔁 فراخوانی مجدد loop_analysis.yml...
https://github.com/Amir9287171/test-repository/actions/runs/27870469620
